{"/Users/akselherrera/Documentos/Proyects/React/ReactUdemy/03-gifs-app/src/GifsApp.tsx": {"path":"/Users/akselherrera/Documentos/Proyects/React/ReactUdemy/03-gifs-app/src/GifsApp.tsx","statementMap":{"0":{"start":{"line":7,"column":23},"end":{"line":34,"column":null}},"1":{"start":{"line":9,"column":64},"end":{"line":9,"column":null}}},"fnMap":{"0":{"name":"(anonymous_0)","decl":{"start":{"line":7,"column":23},"end":{"line":7,"column":null}},"loc":{"start":{"line":7,"column":23},"end":{"line":34,"column":null}},"line":7}},"branchMap":{},"s":{"0":1,"1":1},"f":{"0":1},"b":{},"meta":{"lastBranch":0,"lastFunction":1,"lastStatement":2,"seen":{"s:7:23:34:Infinity":0,"f:7:23:7:Infinity":0,"s:9:64:9:Infinity":1}}}
,"/Users/akselherrera/Documentos/Proyects/React/ReactUdemy/03-gifs-app/src/counter/components/MyCounterApp.tsx": {"path":"/Users/akselherrera/Documentos/Proyects/React/ReactUdemy/03-gifs-app/src/counter/components/MyCounterApp.tsx","statementMap":{"0":{"start":{"line":5,"column":57},"end":{"line":5,"column":null}}},"fnMap":{"0":{"name":"MyCounterApp","decl":{"start":{"line":3,"column":16},"end":{"line":3,"column":null}},"loc":{"start":{"line":3,"column":16},"end":{"line":28,"column":null}},"line":3}},"branchMap":{},"s":{"0":5},"f":{"0":5},"b":{},"meta":{"lastBranch":0,"lastFunction":1,"lastStatement":1,"seen":{"f:3:16:3:Infinity":0,"s:5:57:5:Infinity":0}}}
,"/Users/akselherrera/Documentos/Proyects/React/ReactUdemy/03-gifs-app/src/counter/hooks/useCounter.tsx": {"path":"/Users/akselherrera/Documentos/Proyects/React/ReactUdemy/03-gifs-app/src/counter/hooks/useCounter.tsx","statementMap":{"0":{"start":{"line":4,"column":31},"end":{"line":4,"column":null}},"1":{"start":{"line":6,"column":22},"end":{"line":8,"column":null}},"2":{"start":{"line":7,"column":8},"end":{"line":7,"column":null}},"3":{"start":{"line":10,"column":27},"end":{"line":12,"column":null}},"4":{"start":{"line":11,"column":8},"end":{"line":11,"column":null}},"5":{"start":{"line":11,"column":32},"end":{"line":11,"column":null}},"6":{"start":{"line":14,"column":24},"end":{"line":16,"column":null}},"7":{"start":{"line":15,"column":8},"end":{"line":15,"column":null}},"8":{"start":{"line":18,"column":4},"end":{"line":25,"column":null}}},"fnMap":{"0":{"name":"useCounter","decl":{"start":{"line":3,"column":16},"end":{"line":3,"column":27}},"loc":{"start":{"line":3,"column":52},"end":{"line":26,"column":null}},"line":3},"1":{"name":"(anonymous_1)","decl":{"start":{"line":6,"column":22},"end":{"line":6,"column":null}},"loc":{"start":{"line":6,"column":22},"end":{"line":8,"column":null}},"line":6},"2":{"name":"(anonymous_2)","decl":{"start":{"line":10,"column":27},"end":{"line":10,"column":null}},"loc":{"start":{"line":10,"column":27},"end":{"line":12,"column":null}},"line":10},"3":{"name":"(anonymous_3)","decl":{"start":{"line":11,"column":19},"end":{"line":11,"column":32}},"loc":{"start":{"line":11,"column":32},"end":{"line":11,"column":null}},"line":11},"4":{"name":"(anonymous_4)","decl":{"start":{"line":14,"column":24},"end":{"line":14,"column":null}},"loc":{"start":{"line":14,"column":24},"end":{"line":16,"column":null}},"line":14}},"branchMap":{"0":{"loc":{"start":{"line":3,"column":27},"end":{"line":3,"column":52}},"type":"default-arg","locations":[{"start":{"line":3,"column":50},"end":{"line":3,"column":52}}],"line":3}},"s":{"0":12,"1":12,"2":3,"3":12,"4":1,"5":1,"6":12,"7":1,"8":12},"f":{"0":12,"1":3,"2":1,"3":1,"4":1},"b":{"0":[12]},"meta":{"lastBranch":1,"lastFunction":5,"lastStatement":9,"seen":{"f:3:16:3:27":0,"b:3:50:3:52":0,"s:4:31:4:Infinity":0,"s:6:22:8:Infinity":1,"f:6:22:6:Infinity":1,"s:7:8:7:Infinity":2,"s:10:27:12:Infinity":3,"f:10:27:10:Infinity":2,"s:11:8:11:Infinity":4,"f:11:19:11:32":3,"s:11:32:11:Infinity":5,"s:14:24:16:Infinity":6,"f:14:24:14:Infinity":4,"s:15:8:15:Infinity":7,"s:18:4:25:Infinity":8}}}
,"/Users/akselherrera/Documentos/Proyects/React/ReactUdemy/03-gifs-app/src/gifs/actions/get-gifs-by-query.actions.ts": {"path":"/Users/akselherrera/Documentos/Proyects/React/ReactUdemy/03-gifs-app/src/gifs/actions/get-gifs-by-query.actions.ts","statementMap":{"0":{"start":{"line":5,"column":30},"end":{"line":26,"column":null}},"1":{"start":{"line":6,"column":4},"end":{"line":25,"column":null}},"2":{"start":{"line":7,"column":8},"end":{"line":7,"column":null}},"3":{"start":{"line":7,"column":39},"end":{"line":7,"column":null}},"4":{"start":{"line":8,"column":25},"end":{"line":13,"column":null}},"5":{"start":{"line":15,"column":8},"end":{"line":21,"column":null}},"6":{"start":{"line":15,"column":48},"end":{"line":21,"column":null}},"7":{"start":{"line":23,"column":8},"end":{"line":23,"column":null}},"8":{"start":{"line":24,"column":8},"end":{"line":24,"column":null}}},"fnMap":{"0":{"name":"(anonymous_0)","decl":{"start":{"line":5,"column":30},"end":{"line":5,"column":37}},"loc":{"start":{"line":5,"column":37},"end":{"line":26,"column":null}},"line":5},"1":{"name":"(anonymous_1)","decl":{"start":{"line":15,"column":38},"end":{"line":15,"column":39}},"loc":{"start":{"line":15,"column":48},"end":{"line":21,"column":null}},"line":15}},"branchMap":{"0":{"loc":{"start":{"line":7,"column":8},"end":{"line":7,"column":null}},"type":"if","locations":[{"start":{"line":7,"column":8},"end":{"line":7,"column":null}},{"start":{},"end":{}}],"line":7}},"s":{"0":3,"1":6,"2":6,"3":1,"4":5,"5":4,"6":40,"7":1,"8":1},"f":{"0":6,"1":40},"b":{"0":[1,5]},"meta":{"lastBranch":1,"lastFunction":2,"lastStatement":9,"seen":{"s:5:30:26:Infinity":0,"f:5:30:5:37":0,"s:6:4:25:Infinity":1,"b:7:8:7:Infinity:undefined:undefined:undefined:undefined":0,"s:7:8:7:Infinity":2,"s:7:39:7:Infinity":3,"s:8:25:13:Infinity":4,"s:15:8:21:Infinity":5,"f:15:38:15:39":1,"s:15:48:21:Infinity":6,"s:23:8:23:Infinity":7,"s:24:8:24:Infinity":8}}}
,"/Users/akselherrera/Documentos/Proyects/React/ReactUdemy/03-gifs-app/src/gifs/api/giphy.api.ts": {"path":"/Users/akselherrera/Documentos/Proyects/React/ReactUdemy/03-gifs-app/src/gifs/api/giphy.api.ts","statementMap":{"0":{"start":{"line":3,"column":24},"end":{"line":9,"column":null}}},"fnMap":{},"branchMap":{},"s":{"0":4},"f":{},"b":{},"meta":{"lastBranch":0,"lastFunction":0,"lastStatement":1,"seen":{"s:3:24:9:Infinity":0}}}
,"/Users/akselherrera/Documentos/Proyects/React/ReactUdemy/03-gifs-app/src/gifs/components/GifList.tsx": {"path":"/Users/akselherrera/Documentos/Proyects/React/ReactUdemy/03-gifs-app/src/gifs/components/GifList.tsx","statementMap":{},"fnMap":{"0":{"name":"GifList","decl":{"start":{"line":6,"column":16},"end":{"line":6,"column":24}},"loc":{"start":{"line":6,"column":37},"end":{"line":22,"column":null}},"line":6}},"branchMap":{},"s":{},"f":{"0":1},"b":{},"meta":{"lastBranch":0,"lastFunction":1,"lastStatement":0,"seen":{"f:6:16:6:24":0}}}
,"/Users/akselherrera/Documentos/Proyects/React/ReactUdemy/03-gifs-app/src/gifs/components/PreviousSearches.tsx": {"path":"/Users/akselherrera/Documentos/Proyects/React/ReactUdemy/03-gifs-app/src/gifs/components/PreviousSearches.tsx","statementMap":{"0":{"start":{"line":16,"column":44},"end":{"line":16,"column":null}}},"fnMap":{"0":{"name":"PreviousSearches","decl":{"start":{"line":7,"column":16},"end":{"line":7,"column":33}},"loc":{"start":{"line":7,"column":64},"end":{"line":24,"column":null}},"line":7},"1":{"name":"(anonymous_1)","decl":{"start":{"line":16,"column":38},"end":{"line":16,"column":44}},"loc":{"start":{"line":16,"column":44},"end":{"line":16,"column":null}},"line":16}},"branchMap":{},"s":{"0":0},"f":{"0":1,"1":0},"b":{},"meta":{"lastBranch":0,"lastFunction":2,"lastStatement":1,"seen":{"f:7:16:7:33":0,"f:16:38:16:44":1,"s:16:44:16:Infinity":0}}}
,"/Users/akselherrera/Documentos/Proyects/React/ReactUdemy/03-gifs-app/src/gifs/hooks/useGifs.tsx": {"path":"/Users/akselherrera/Documentos/Proyects/React/ReactUdemy/03-gifs-app/src/gifs/hooks/useGifs.tsx","statementMap":{"0":{"start":{"line":9,"column":25},"end":{"line":9,"column":null}},"1":{"start":{"line":10,"column":43},"end":{"line":10,"column":null}},"2":{"start":{"line":11,"column":10},"end":{"line":11,"column":57}},"3":{"start":{"line":13,"column":30},"end":{"line":21,"column":null}},"4":{"start":{"line":14,"column":8},"end":{"line":17,"column":null}},"5":{"start":{"line":15,"column":12},"end":{"line":15,"column":null}},"6":{"start":{"line":16,"column":12},"end":{"line":16,"column":null}},"7":{"start":{"line":18,"column":21},"end":{"line":18,"column":null}},"8":{"start":{"line":19,"column":8},"end":{"line":19,"column":null}},"9":{"start":{"line":20,"column":8},"end":{"line":20,"column":null}},"10":{"start":{"line":23,"column":25},"end":{"line":34,"column":null}},"11":{"start":{"line":24,"column":8},"end":{"line":24,"column":null}},"12":{"start":{"line":25,"column":8},"end":{"line":25,"column":null}},"13":{"start":{"line":25,"column":20},"end":{"line":25,"column":null}},"14":{"start":{"line":26,"column":8},"end":{"line":26,"column":null}},"15":{"start":{"line":26,"column":43},"end":{"line":26,"column":null}},"16":{"start":{"line":28,"column":8},"end":{"line":28,"column":null}},"17":{"start":{"line":29,"column":21},"end":{"line":29,"column":null}},"18":{"start":{"line":30,"column":8},"end":{"line":30,"column":null}},"19":{"start":{"line":31,"column":8},"end":{"line":31,"column":null}},"20":{"start":{"line":32,"column":8},"end":{"line":32,"column":null}},"21":{"start":{"line":36,"column":4},"end":{"line":41,"column":null}}},"fnMap":{"0":{"name":"useGifs","decl":{"start":{"line":7,"column":16},"end":{"line":7,"column":null}},"loc":{"start":{"line":7,"column":16},"end":{"line":42,"column":null}},"line":7},"1":{"name":"(anonymous_1)","decl":{"start":{"line":13,"column":30},"end":{"line":13,"column":37}},"loc":{"start":{"line":13,"column":37},"end":{"line":21,"column":null}},"line":13},"2":{"name":"(anonymous_2)","decl":{"start":{"line":23,"column":25},"end":{"line":23,"column":32}},"loc":{"start":{"line":23,"column":32},"end":{"line":34,"column":null}},"line":23}},"branchMap":{"0":{"loc":{"start":{"line":14,"column":8},"end":{"line":17,"column":null}},"type":"if","locations":[{"start":{"line":14,"column":8},"end":{"line":17,"column":null}},{"start":{},"end":{}}],"line":14},"1":{"loc":{"start":{"line":25,"column":8},"end":{"line":25,"column":null}},"type":"if","locations":[{"start":{"line":25,"column":8},"end":{"line":25,"column":null}},{"start":{},"end":{}}],"line":25},"2":{"loc":{"start":{"line":26,"column":8},"end":{"line":26,"column":null}},"type":"if","locations":[{"start":{"line":26,"column":8},"end":{"line":26,"column":null}},{"start":{},"end":{}}],"line":26}},"s":{"0":19,"1":19,"2":19,"3":19,"4":3,"5":1,"6":1,"7":2,"8":2,"9":2,"10":19,"11":10,"12":10,"13":0,"14":10,"15":0,"16":10,"17":10,"18":10,"19":10,"20":10,"21":19},"f":{"0":19,"1":3,"2":10},"b":{"0":[1,2],"1":[0,10],"2":[0,10]},"meta":{"lastBranch":3,"lastFunction":3,"lastStatement":22,"seen":{"f:7:16:7:Infinity":0,"s:9:25:9:Infinity":0,"s:10:43:10:Infinity":1,"s:11:10:11:57":2,"s:13:30:21:Infinity":3,"f:13:30:13:37":1,"b:14:8:17:Infinity:undefined:undefined:undefined:undefined":0,"s:14:8:17:Infinity":4,"s:15:12:15:Infinity":5,"s:16:12:16:Infinity":6,"s:18:21:18:Infinity":7,"s:19:8:19:Infinity":8,"s:20:8:20:Infinity":9,"s:23:25:34:Infinity":10,"f:23:25:23:32":2,"s:24:8:24:Infinity":11,"b:25:8:25:Infinity:undefined:undefined:undefined:undefined":1,"s:25:8:25:Infinity":12,"s:25:20:25:Infinity":13,"b:26:8:26:Infinity:undefined:undefined:undefined:undefined":2,"s:26:8:26:Infinity":14,"s:26:43:26:Infinity":15,"s:28:8:28:Infinity":16,"s:29:21:29:Infinity":17,"s:30:8:30:Infinity":18,"s:31:8:31:Infinity":19,"s:32:8:32:Infinity":20,"s:36:4:41:Infinity":21}}}
,"/Users/akselherrera/Documentos/Proyects/React/ReactUdemy/03-gifs-app/src/mock-data/giphy.response.data.ts": {"path":"/Users/akselherrera/Documentos/Proyects/React/ReactUdemy/03-gifs-app/src/mock-data/giphy.response.data.ts","statementMap":{"0":{"start":{"line":1,"column":38},"end":{"line":1152,"column":null}}},"fnMap":{},"branchMap":{},"s":{"0":1},"f":{},"b":{},"meta":{"lastBranch":0,"lastFunction":0,"lastStatement":1,"seen":{"s:1:38:1152:Infinity":0}}}
,"/Users/akselherrera/Documentos/Proyects/React/ReactUdemy/03-gifs-app/src/shared/components/CustomHeader.tsx": {"path":"/Users/akselherrera/Documentos/Proyects/React/ReactUdemy/03-gifs-app/src/shared/components/CustomHeader.tsx","statementMap":{},"fnMap":{"0":{"name":"CustomHeader","decl":{"start":{"line":6,"column":16},"end":{"line":6,"column":29}},"loc":{"start":{"line":6,"column":56},"end":{"line":13,"column":null}},"line":6}},"branchMap":{},"s":{},"f":{"0":4},"b":{},"meta":{"lastBranch":0,"lastFunction":1,"lastStatement":0,"seen":{"f:6:16:6:29":0}}}
,"/Users/akselherrera/Documentos/Proyects/React/ReactUdemy/03-gifs-app/src/shared/components/SearchBar.tsx": {"path":"/Users/akselherrera/Documentos/Proyects/React/ReactUdemy/03-gifs-app/src/shared/components/SearchBar.tsx","statementMap":{"0":{"start":{"line":10,"column":27},"end":{"line":10,"column":null}},"1":{"start":{"line":11,"column":4},"end":{"line":19,"column":null}},"2":{"start":{"line":12,"column":26},"end":{"line":14,"column":null}},"3":{"start":{"line":13,"column":12},"end":{"line":13,"column":null}},"4":{"start":{"line":16,"column":8},"end":{"line":18,"column":null}},"5":{"start":{"line":17,"column":12},"end":{"line":17,"column":null}},"6":{"start":{"line":21,"column":25},"end":{"line":23,"column":null}},"7":{"start":{"line":22,"column":8},"end":{"line":22,"column":null}},"8":{"start":{"line":25,"column":26},"end":{"line":29,"column":null}},"9":{"start":{"line":26,"column":8},"end":{"line":28,"column":null}},"10":{"start":{"line":27,"column":12},"end":{"line":27,"column":null}},"11":{"start":{"line":37,"column":37},"end":{"line":37,"column":null}}},"fnMap":{"0":{"name":"SearchBar","decl":{"start":{"line":9,"column":16},"end":{"line":9,"column":26}},"loc":{"start":{"line":9,"column":89},"end":{"line":46,"column":null}},"line":9},"1":{"name":"(anonymous_1)","decl":{"start":{"line":11,"column":14},"end":{"line":11,"column":null}},"loc":{"start":{"line":11,"column":14},"end":{"line":19,"column":7}},"line":11},"2":{"name":"(anonymous_2)","decl":{"start":{"line":12,"column":37},"end":{"line":12,"column":null}},"loc":{"start":{"line":12,"column":37},"end":{"line":14,"column":11}},"line":12},"3":{"name":"(anonymous_3)","decl":{"start":{"line":16,"column":15},"end":{"line":16,"column":null}},"loc":{"start":{"line":16,"column":15},"end":{"line":18,"column":null}},"line":16},"4":{"name":"(anonymous_4)","decl":{"start":{"line":21,"column":25},"end":{"line":21,"column":null}},"loc":{"start":{"line":21,"column":25},"end":{"line":23,"column":null}},"line":21},"5":{"name":"(anonymous_5)","decl":{"start":{"line":25,"column":26},"end":{"line":25,"column":27}},"loc":{"start":{"line":25,"column":27},"end":{"line":29,"column":null}},"line":25},"6":{"name":"(anonymous_6)","decl":{"start":{"line":37,"column":26},"end":{"line":37,"column":27}},"loc":{"start":{"line":37,"column":37},"end":{"line":37,"column":null}},"line":37}},"branchMap":{"0":{"loc":{"start":{"line":9,"column":28},"end":{"line":9,"column":47}},"type":"default-arg","locations":[{"start":{"line":9,"column":39},"end":{"line":9,"column":47}}],"line":9},"1":{"loc":{"start":{"line":9,"column":49},"end":{"line":9,"column":71}},"type":"default-arg","locations":[{"start":{"line":9,"column":63},"end":{"line":9,"column":71}}],"line":9},"2":{"loc":{"start":{"line":26,"column":8},"end":{"line":28,"column":null}},"type":"if","locations":[{"start":{"line":26,"column":8},"end":{"line":28,"column":null}},{"start":{},"end":{}}],"line":26}},"s":{"0":12,"1":12,"2":12,"3":2,"4":12,"5":12,"6":12,"7":1,"8":12,"9":0,"10":0,"11":6},"f":{"0":12,"1":12,"2":2,"3":12,"4":1,"5":0,"6":6},"b":{"0":[12],"1":[12],"2":[0,0]},"meta":{"lastBranch":3,"lastFunction":7,"lastStatement":12,"seen":{"f:9:16:9:26":0,"b:9:39:9:47":0,"b:9:63:9:71":1,"s:10:27:10:Infinity":0,"s:11:4:19:Infinity":1,"f:11:14:11:Infinity":1,"s:12:26:14:Infinity":2,"f:12:37:12:Infinity":2,"s:13:12:13:Infinity":3,"s:16:8:18:Infinity":4,"f:16:15:16:Infinity":3,"s:17:12:17:Infinity":5,"s:21:25:23:Infinity":6,"f:21:25:21:Infinity":4,"s:22:8:22:Infinity":7,"s:25:26:29:Infinity":8,"f:25:26:25:27":5,"b:26:8:28:Infinity:undefined:undefined:undefined:undefined":2,"s:26:8:28:Infinity":9,"s:27:12:27:Infinity":10,"f:37:26:37:27":6,"s:37:37:37:Infinity":11}}}
}
