{"/Users/akselherrera/Documentos/Proyects/React/ReactUdemy/02-first-steps/src/FirstStepsApp.tsx": {"path":"/Users/akselherrera/Documentos/Proyects/React/ReactUdemy/02-first-steps/src/FirstStepsApp.tsx","statementMap":{"0":{"start":{"line":8,"column":34},"end":{"line":12,"column":null}}},"fnMap":{"0":{"name":"FirstStepsApp","decl":{"start":{"line":15,"column":16},"end":{"line":15,"column":null}},"loc":{"start":{"line":15,"column":16},"end":{"line":29,"column":null}},"line":15}},"branchMap":{},"s":{"0":1},"f":{"0":3},"b":{},"meta":{"lastBranch":0,"lastFunction":1,"lastStatement":1,"seen":{"s:8:34:12:Infinity":0,"f:15:16:15:Infinity":0}}}
,"/Users/akselherrera/Documentos/Proyects/React/ReactUdemy/02-first-steps/src/MyAwesomeApp.tsx": {"path":"/Users/akselherrera/Documentos/Proyects/React/ReactUdemy/02-first-steps/src/MyAwesomeApp.tsx","statementMap":{"0":{"start":{"line":3,"column":13},"end":{"line":3,"column":null}},"1":{"start":{"line":4,"column":17},"end":{"line":4,"column":null}},"2":{"start":{"line":6,"column":22},"end":{"line":6,"column":null}},"3":{"start":{"line":7,"column":17},"end":{"line":7,"column":null}},"4":{"start":{"line":9,"column":16},"end":{"line":12,"column":null}},"5":{"start":{"line":14,"column":31},"end":{"line":19,"column":null}}},"fnMap":{"0":{"name":"MyAwesomeApp","decl":{"start":{"line":21,"column":16},"end":{"line":21,"column":null}},"loc":{"start":{"line":21,"column":16},"end":{"line":35,"column":null}},"line":21}},"branchMap":{"0":{"loc":{"start":{"line":28,"column":17},"end":{"line":28,"column":null}},"type":"cond-expr","locations":[{"start":{"line":28,"column":28},"end":{"line":28,"column":39}},{"start":{"line":28,"column":39},"end":{"line":28,"column":null}}],"line":28}},"s":{"0":1,"1":1,"2":1,"3":1,"4":1,"5":1},"f":{"0":4},"b":{"0":[0,4]},"meta":{"lastBranch":1,"lastFunction":1,"lastStatement":6,"seen":{"s:3:13:3:Infinity":0,"s:4:17:4:Infinity":1,"s:6:22:6:Infinity":2,"s:7:17:7:Infinity":3,"s:9:16:12:Infinity":4,"s:14:31:19:Infinity":5,"f:21:16:21:Infinity":0,"b:28:28:28:39:28:39:28:Infinity":0}}}
,"/Users/akselherrera/Documentos/Proyects/React/ReactUdemy/02-first-steps/src/helpers/math.helper.ts": {"path":"/Users/akselherrera/Documentos/Proyects/React/ReactUdemy/02-first-steps/src/helpers/math.helper.ts","statementMap":{"0":{"start":{"line":1,"column":19},"end":{"line":3,"column":null}},"1":{"start":{"line":2,"column":4},"end":{"line":2,"column":null}},"2":{"start":{"line":5,"column":24},"end":{"line":7,"column":null}},"3":{"start":{"line":6,"column":4},"end":{"line":6,"column":null}},"4":{"start":{"line":9,"column":24},"end":{"line":11,"column":null}},"5":{"start":{"line":10,"column":4},"end":{"line":10,"column":null}},"6":{"start":{"line":13,"column":22},"end":{"line":15,"column":null}},"7":{"start":{"line":14,"column":4},"end":{"line":14,"column":null}}},"fnMap":{"0":{"name":"(anonymous_0)","decl":{"start":{"line":1,"column":19},"end":{"line":1,"column":20}},"loc":{"start":{"line":1,"column":31},"end":{"line":3,"column":null}},"line":1},"1":{"name":"(anonymous_1)","decl":{"start":{"line":5,"column":24},"end":{"line":5,"column":25}},"loc":{"start":{"line":5,"column":36},"end":{"line":7,"column":null}},"line":5},"2":{"name":"(anonymous_2)","decl":{"start":{"line":9,"column":24},"end":{"line":9,"column":25}},"loc":{"start":{"line":9,"column":36},"end":{"line":11,"column":null}},"line":9},"3":{"name":"(anonymous_3)","decl":{"start":{"line":13,"column":22},"end":{"line":13,"column":23}},"loc":{"start":{"line":13,"column":34},"end":{"line":15,"column":null}},"line":13}},"branchMap":{},"s":{"0":1,"1":2,"2":1,"3":2,"4":1,"5":2,"6":1,"7":1},"f":{"0":2,"1":2,"2":2,"3":1},"b":{},"meta":{"lastBranch":0,"lastFunction":4,"lastStatement":8,"seen":{"s:1:19:3:Infinity":0,"f:1:19:1:20":0,"s:2:4:2:Infinity":1,"s:5:24:7:Infinity":2,"f:5:24:5:25":1,"s:6:4:6:Infinity":3,"s:9:24:11:Infinity":4,"f:9:24:9:25":2,"s:10:4:10:Infinity":5,"s:13:22:15:Infinity":6,"f:13:22:13:23":3,"s:14:4:14:Infinity":7}}}
,"/Users/akselherrera/Documentos/Proyects/React/ReactUdemy/02-first-steps/src/shopping-cart/ItemCounterApp.tsx": {"path":"/Users/akselherrera/Documentos/Proyects/React/ReactUdemy/02-first-steps/src/shopping-cart/ItemCounterApp.tsx","statementMap":{"0":{"start":{"line":17,"column":27},"end":{"line":17,"column":null}},"1":{"start":{"line":19,"column":22},"end":{"line":21,"column":null}},"2":{"start":{"line":20,"column":8},"end":{"line":20,"column":null}},"3":{"start":{"line":23,"column":27},"end":{"line":26,"column":null}},"4":{"start":{"line":24,"column":8},"end":{"line":24,"column":null}},"5":{"start":{"line":24,"column":25},"end":{"line":24,"column":null}},"6":{"start":{"line":25,"column":8},"end":{"line":25,"column":null}}},"fnMap":{"0":{"name":"ItemCounterApp","decl":{"start":{"line":16,"column":16},"end":{"line":16,"column":31}},"loc":{"start":{"line":16,"column":71},"end":{"line":46,"column":null}},"line":16},"1":{"name":"(anonymous_1)","decl":{"start":{"line":19,"column":22},"end":{"line":19,"column":null}},"loc":{"start":{"line":19,"column":22},"end":{"line":21,"column":null}},"line":19},"2":{"name":"(anonymous_2)","decl":{"start":{"line":23,"column":27},"end":{"line":23,"column":null}},"loc":{"start":{"line":23,"column":27},"end":{"line":26,"column":null}},"line":23}},"branchMap":{"0":{"loc":{"start":{"line":16,"column":39},"end":{"line":16,"column":51}},"type":"default-arg","locations":[{"start":{"line":16,"column":50},"end":{"line":16,"column":51}}],"line":16},"1":{"loc":{"start":{"line":24,"column":8},"end":{"line":24,"column":null}},"type":"if","locations":[{"start":{"line":24,"column":8},"end":{"line":24,"column":null}},{"start":{},"end":{}}],"line":24},"2":{"loc":{"start":{"line":33,"column":27},"end":{"line":33,"column":null}},"type":"cond-expr","locations":[{"start":{"line":33,"column":41},"end":{"line":33,"column":49}},{"start":{"line":33,"column":49},"end":{"line":33,"column":null}}],"line":33}},"s":{"0":9,"1":9,"2":1,"3":9,"4":2,"5":1,"6":1},"f":{"0":9,"1":1,"2":2},"b":{"0":[9],"1":[1,1],"2":[4,5]},"meta":{"lastBranch":3,"lastFunction":3,"lastStatement":7,"seen":{"f:16:16:16:31":0,"b:16:50:16:51":0,"s:17:27:17:Infinity":0,"s:19:22:21:Infinity":1,"f:19:22:19:Infinity":1,"s:20:8:20:Infinity":2,"s:23:27:26:Infinity":3,"f:23:27:23:Infinity":2,"b:24:8:24:Infinity:undefined:undefined:undefined:undefined":1,"s:24:8:24:Infinity":4,"s:24:25:24:Infinity":5,"s:25:8:25:Infinity":6,"b:33:41:33:49:33:49:33:Infinity":2}}}
,"/Users/akselherrera/Documentos/Proyects/React/ReactUdemy/02-first-steps/src/shopping-cart/itemCounter.module.css": {"path":"/Users/akselherrera/Documentos/Proyects/React/ReactUdemy/02-first-steps/src/shopping-cart/itemCounter.module.css","statementMap":{},"fnMap":{},"branchMap":{},"s":{},"f":{},"b":{},"meta":{"lastBranch":0,"lastFunction":0,"lastStatement":0,"seen":{}}}
}
